2025-05-29T00:00:43.366-05:00 DEBUG 93847 --- [http-nio-8181-exec-1] o.s.security.web.FilterChainProxy        : Securing GET /ticketingGateway/users/552/tickets/63/edit
2025-05-29T00:00:43.654-05:00 DEBUG 93847 --- [http-nio-8181-exec-1] w.c.HttpSessionSecurityContextRepository : Retrieved SecurityContextImpl [Authentication=UsernamePasswordAuthenticationToken [Principal=com.ticketing.service.CustomUserDetails@5554d2c5, Credentials=[PROTECTED], Authenticated=true, Details=WebAuthenticationDetails [RemoteIpAddress=0:0:0:0:0:0:0:1, SessionId=F835CBFF1A3584D8053C4466EF0C0748], Granted Authorities=[USER, MANAGER, ADMIN]]]
2025-05-29T00:00:43.656-05:00 DEBUG 93847 --- [http-nio-8181-exec-1] o.s.s.w.a.i.FilterSecurityInterceptor    : Authorized filter invocation [GET /ticketingGateway/users/552/tickets/63/edit] with attributes [hasAnyAuthority('ADMIN','MANAGER','USER')]
2025-05-29T00:00:43.656-05:00 DEBUG 93847 --- [http-nio-8181-exec-1] o.s.security.web.FilterChainProxy        : Secured GET /ticketingGateway/users/552/tickets/63/edit
2025-05-29T00:00:43.735-05:00 DEBUG 93847 --- [http-nio-8181-exec-2] o.s.security.web.FilterChainProxy        : Securing GET /.well-known/appspecific/com.chrome.devtools.json
2025-05-29T00:00:43.738-05:00 DEBUG 93847 --- [http-nio-8181-exec-2] w.c.HttpSessionSecurityContextRepository : Retrieved SecurityContextImpl [Authentication=UsernamePasswordAuthenticationToken [Principal=com.ticketing.service.CustomUserDetails@5554d2c5, Credentials=[PROTECTED], Authenticated=true, Details=WebAuthenticationDetails [RemoteIpAddress=0:0:0:0:0:0:0:1, SessionId=F835CBFF1A3584D8053C4466EF0C0748], Granted Authorities=[USER, MANAGER, ADMIN]]]
2025-05-29T00:00:43.739-05:00 DEBUG 93847 --- [http-nio-8181-exec-2] o.s.s.w.a.i.FilterSecurityInterceptor    : Authorized filter invocation [GET /.well-known/appspecific/com.chrome.devtools.json] with attributes [authenticated]
2025-05-29T00:00:43.739-05:00 DEBUG 93847 --- [http-nio-8181-exec-2] o.s.security.web.FilterChainProxy        : Secured GET /.well-known/appspecific/com.chrome.devtools.json
2025-05-29T00:00:43.750-05:00 DEBUG 93847 --- [http-nio-8181-exec-2] o.s.security.web.FilterChainProxy        : Securing GET /error
2025-05-29T00:00:43.752-05:00 DEBUG 93847 --- [http-nio-8181-exec-2] w.c.HttpSessionSecurityContextRepository : Retrieved SecurityContextImpl [Authentication=UsernamePasswordAuthenticationToken [Principal=com.ticketing.service.CustomUserDetails@5554d2c5, Credentials=[PROTECTED], Authenticated=true, Details=WebAuthenticationDetails [RemoteIpAddress=0:0:0:0:0:0:0:1, SessionId=F835CBFF1A3584D8053C4466EF0C0748], Granted Authorities=[USER, MANAGER, ADMIN]]]
2025-05-29T00:00:43.753-05:00 DEBUG 93847 --- [http-nio-8181-exec-2] o.s.s.w.a.i.FilterSecurityInterceptor    : Authorized filter invocation [GET /error] with attributes [permitAll]
2025-05-29T00:00:43.753-05:00 DEBUG 93847 --- [http-nio-8181-exec-2] o.s.security.web.FilterChainProxy        : Secured GET /error
2025-05-29T00:01:00.593-05:00 DEBUG 93847 --- [http-nio-8181-exec-4] o.s.security.web.FilterChainProxy        : Securing GET /ticketingGateway/users/552/ticketsList
2025-05-29T00:01:00.602-05:00 DEBUG 93847 --- [http-nio-8181-exec-4] w.c.HttpSessionSecurityContextRepository : Retrieved SecurityContextImpl [Authentication=UsernamePasswordAuthenticationToken [Principal=com.ticketing.service.CustomUserDetails@5554d2c5, Credentials=[PROTECTED], Authenticated=true, Details=WebAuthenticationDetails [RemoteIpAddress=0:0:0:0:0:0:0:1, SessionId=F835CBFF1A3584D8053C4466EF0C0748], Granted Authorities=[USER, MANAGER, ADMIN]]]
2025-05-29T00:01:00.603-05:00 DEBUG 93847 --- [http-nio-8181-exec-4] o.s.s.w.a.i.FilterSecurityInterceptor    : Authorized filter invocation [GET /ticketingGateway/users/552/ticketsList] with attributes [hasAnyAuthority('ADMIN','MANAGER','USER')]
2025-05-29T00:01:00.604-05:00 DEBUG 93847 --- [http-nio-8181-exec-4] o.s.security.web.FilterChainProxy        : Secured GET /ticketingGateway/users/552/ticketsList
2025-05-29T00:01:00.683-05:00 DEBUG 93847 --- [http-nio-8181-exec-5] o.s.security.web.FilterChainProxy        : Securing GET /.well-known/appspecific/com.chrome.devtools.json
2025-05-29T00:01:00.689-05:00 DEBUG 93847 --- [http-nio-8181-exec-5] w.c.HttpSessionSecurityContextRepository : Retrieved SecurityContextImpl [Authentication=UsernamePasswordAuthenticationToken [Principal=com.ticketing.service.CustomUserDetails@5554d2c5, Credentials=[PROTECTED], Authenticated=true, Details=WebAuthenticationDetails [RemoteIpAddress=0:0:0:0:0:0:0:1, SessionId=F835CBFF1A3584D8053C4466EF0C0748], Granted Authorities=[USER, MANAGER, ADMIN]]]
2025-05-29T00:01:00.693-05:00 DEBUG 93847 --- [http-nio-8181-exec-5] o.s.s.w.a.i.FilterSecurityInterceptor    : Authorized filter invocation [GET /.well-known/appspecific/com.chrome.devtools.json] with attributes [authenticated]
2025-05-29T00:01:00.693-05:00 DEBUG 93847 --- [http-nio-8181-exec-5] o.s.security.web.FilterChainProxy        : Secured GET /.well-known/appspecific/com.chrome.devtools.json
2025-05-29T00:01:00.702-05:00 DEBUG 93847 --- [http-nio-8181-exec-5] o.s.security.web.FilterChainProxy        : Securing GET /error
2025-05-29T00:01:00.703-05:00 DEBUG 93847 --- [http-nio-8181-exec-5] w.c.HttpSessionSecurityContextRepository : Retrieved SecurityContextImpl [Authentication=UsernamePasswordAuthenticationToken [Principal=com.ticketing.service.CustomUserDetails@5554d2c5, Credentials=[PROTECTED], Authenticated=true, Details=WebAuthenticationDetails [RemoteIpAddress=0:0:0:0:0:0:0:1, SessionId=F835CBFF1A3584D8053C4466EF0C0748], Granted Authorities=[USER, MANAGER, ADMIN]]]
2025-05-29T00:01:00.704-05:00 DEBUG 93847 --- [http-nio-8181-exec-5] o.s.s.w.a.i.FilterSecurityInterceptor    : Authorized filter invocation [GET /error] with attributes [permitAll]
2025-05-29T00:01:00.704-05:00 DEBUG 93847 --- [http-nio-8181-exec-5] o.s.security.web.FilterChainProxy        : Secured GET /error
2025-05-29T00:01:06.370-05:00 DEBUG 93847 --- [http-nio-8181-exec-7] o.s.security.web.FilterChainProxy        : Securing GET /ticketingGateway/managers/202/ticketsList
2025-05-29T00:01:06.383-05:00 DEBUG 93847 --- [http-nio-8181-exec-7] w.c.HttpSessionSecurityContextRepository : Retrieved SecurityContextImpl [Authentication=UsernamePasswordAuthenticationToken [Principal=com.ticketing.service.CustomUserDetails@5554d2c5, Credentials=[PROTECTED], Authenticated=true, Details=WebAuthenticationDetails [RemoteIpAddress=0:0:0:0:0:0:0:1, SessionId=F835CBFF1A3584D8053C4466EF0C0748], Granted Authorities=[USER, MANAGER, ADMIN]]]
2025-05-29T00:01:06.385-05:00 DEBUG 93847 --- [http-nio-8181-exec-7] o.s.s.w.a.i.FilterSecurityInterceptor    : Authorized filter invocation [GET /ticketingGateway/managers/202/ticketsList] with attributes [hasAnyAuthority('ADMIN','MANAGER')]
2025-05-29T00:01:06.385-05:00 DEBUG 93847 --- [http-nio-8181-exec-7] o.s.security.web.FilterChainProxy        : Secured GET /ticketingGateway/managers/202/ticketsList
2025-05-29T00:01:06.466-05:00 DEBUG 93847 --- [http-nio-8181-exec-8] o.s.security.web.FilterChainProxy        : Securing GET /.well-known/appspecific/com.chrome.devtools.json
2025-05-29T00:01:06.468-05:00 DEBUG 93847 --- [http-nio-8181-exec-8] w.c.HttpSessionSecurityContextRepository : Retrieved SecurityContextImpl [Authentication=UsernamePasswordAuthenticationToken [Principal=com.ticketing.service.CustomUserDetails@5554d2c5, Credentials=[PROTECTED], Authenticated=true, Details=WebAuthenticationDetails [RemoteIpAddress=0:0:0:0:0:0:0:1, SessionId=F835CBFF1A3584D8053C4466EF0C0748], Granted Authorities=[USER, MANAGER, ADMIN]]]
2025-05-29T00:01:06.472-05:00 DEBUG 93847 --- [http-nio-8181-exec-8] o.s.s.w.a.i.FilterSecurityInterceptor    : Authorized filter invocation [GET /.well-known/appspecific/com.chrome.devtools.json] with attributes [authenticated]
2025-05-29T00:01:06.472-05:00 DEBUG 93847 --- [http-nio-8181-exec-8] o.s.security.web.FilterChainProxy        : Secured GET /.well-known/appspecific/com.chrome.devtools.json
2025-05-29T00:01:06.474-05:00 DEBUG 93847 --- [http-nio-8181-exec-8] o.s.security.web.FilterChainProxy        : Securing GET /error
2025-05-29T00:01:06.475-05:00 DEBUG 93847 --- [http-nio-8181-exec-8] w.c.HttpSessionSecurityContextRepository : Retrieved SecurityContextImpl [Authentication=UsernamePasswordAuthenticationToken [Principal=com.ticketing.service.CustomUserDetails@5554d2c5, Credentials=[PROTECTED], Authenticated=true, Details=WebAuthenticationDetails [RemoteIpAddress=0:0:0:0:0:0:0:1, SessionId=F835CBFF1A3584D8053C4466EF0C0748], Granted Authorities=[USER, MANAGER, ADMIN]]]
2025-05-29T00:01:06.476-05:00 DEBUG 93847 --- [http-nio-8181-exec-8] o.s.s.w.a.i.FilterSecurityInterceptor    : Authorized filter invocation [GET /error] with attributes [permitAll]
2025-05-29T00:01:06.476-05:00 DEBUG 93847 --- [http-nio-8181-exec-8] o.s.security.web.FilterChainProxy        : Secured GET /error
2025-05-29T00:01:15.514-05:00 DEBUG 93847 --- [http-nio-8181-exec-10] o.s.security.web.FilterChainProxy        : Securing GET /ticketingGateway/managers/202/tickets/62/edit
2025-05-29T00:01:15.526-05:00 DEBUG 93847 --- [http-nio-8181-exec-10] w.c.HttpSessionSecurityContextRepository : Retrieved SecurityContextImpl [Authentication=UsernamePasswordAuthenticationToken [Principal=com.ticketing.service.CustomUserDetails@5554d2c5, Credentials=[PROTECTED], Authenticated=true, Details=WebAuthenticationDetails [RemoteIpAddress=0:0:0:0:0:0:0:1, SessionId=F835CBFF1A3584D8053C4466EF0C0748], Granted Authorities=[USER, MANAGER, ADMIN]]]
2025-05-29T00:01:15.531-05:00 DEBUG 93847 --- [http-nio-8181-exec-10] o.s.s.w.a.i.FilterSecurityInterceptor    : Authorized filter invocation [GET /ticketingGateway/managers/202/tickets/62/edit] with attributes [hasAnyAuthority('ADMIN','MANAGER')]
2025-05-29T00:01:15.531-05:00 DEBUG 93847 --- [http-nio-8181-exec-10] o.s.security.web.FilterChainProxy        : Secured GET /ticketingGateway/managers/202/tickets/62/edit
2025-05-29T00:01:15.609-05:00 DEBUG 93847 --- [http-nio-8181-exec-1] o.s.security.web.FilterChainProxy        : Securing GET /.well-known/appspecific/com.chrome.devtools.json
2025-05-29T00:01:15.611-05:00 DEBUG 93847 --- [http-nio-8181-exec-1] w.c.HttpSessionSecurityContextRepository : Retrieved SecurityContextImpl [Authentication=UsernamePasswordAuthenticationToken [Principal=com.ticketing.service.CustomUserDetails@5554d2c5, Credentials=[PROTECTED], Authenticated=true, Details=WebAuthenticationDetails [RemoteIpAddress=0:0:0:0:0:0:0:1, SessionId=F835CBFF1A3584D8053C4466EF0C0748], Granted Authorities=[USER, MANAGER, ADMIN]]]
2025-05-29T00:01:15.611-05:00 DEBUG 93847 --- [http-nio-8181-exec-1] o.s.s.w.a.i.FilterSecurityInterceptor    : Authorized filter invocation [GET /.well-known/appspecific/com.chrome.devtools.json] with attributes [authenticated]
2025-05-29T00:01:15.611-05:00 DEBUG 93847 --- [http-nio-8181-exec-1] o.s.security.web.FilterChainProxy        : Secured GET /.well-known/appspecific/com.chrome.devtools.json
2025-05-29T00:01:15.619-05:00 DEBUG 93847 --- [http-nio-8181-exec-1] o.s.security.web.FilterChainProxy        : Securing GET /error
2025-05-29T00:01:15.624-05:00 DEBUG 93847 --- [http-nio-8181-exec-1] w.c.HttpSessionSecurityContextRepository : Retrieved SecurityContextImpl [Authentication=UsernamePasswordAuthenticationToken [Principal=com.ticketing.service.CustomUserDetails@5554d2c5, Credentials=[PROTECTED], Authenticated=true, Details=WebAuthenticationDetails [RemoteIpAddress=0:0:0:0:0:0:0:1, SessionId=F835CBFF1A3584D8053C4466EF0C0748], Granted Authorities=[USER, MANAGER, ADMIN]]]
2025-05-29T00:01:15.625-05:00 DEBUG 93847 --- [http-nio-8181-exec-1] o.s.s.w.a.i.FilterSecurityInterceptor    : Authorized filter invocation [GET /error] with attributes [permitAll]
2025-05-29T00:01:15.625-05:00 DEBUG 93847 --- [http-nio-8181-exec-1] o.s.security.web.FilterChainProxy        : Secured GET /error
2025-05-29T00:01:18.777-05:00 DEBUG 93847 --- [http-nio-8181-exec-3] o.s.security.web.FilterChainProxy        : Securing GET /ticketingGateway/managers/202/ticketsList
2025-05-29T00:01:18.792-05:00 DEBUG 93847 --- [http-nio-8181-exec-3] w.c.HttpSessionSecurityContextRepository : Retrieved SecurityContextImpl [Authentication=UsernamePasswordAuthenticationToken [Principal=com.ticketing.service.CustomUserDetails@5554d2c5, Credentials=[PROTECTED], Authenticated=true, Details=WebAuthenticationDetails [RemoteIpAddress=0:0:0:0:0:0:0:1, SessionId=F835CBFF1A3584D8053C4466EF0C0748], Granted Authorities=[USER, MANAGER, ADMIN]]]
2025-05-29T00:01:18.797-05:00 DEBUG 93847 --- [http-nio-8181-exec-3] o.s.s.w.a.i.FilterSecurityInterceptor    : Authorized filter invocation [GET /ticketingGateway/managers/202/ticketsList] with attributes [hasAnyAuthority('ADMIN','MANAGER')]
2025-05-29T00:01:18.797-05:00 DEBUG 93847 --- [http-nio-8181-exec-3] o.s.security.web.FilterChainProxy        : Secured GET /ticketingGateway/managers/202/ticketsList
2025-05-29T00:01:18.829-05:00 DEBUG 93847 --- [http-nio-8181-exec-4] o.s.security.web.FilterChainProxy        : Securing GET /.well-known/appspecific/com.chrome.devtools.json
2025-05-29T00:01:18.831-05:00 DEBUG 93847 --- [http-nio-8181-exec-4] w.c.HttpSessionSecurityContextRepository : Retrieved SecurityContextImpl [Authentication=UsernamePasswordAuthenticationToken [Principal=com.ticketing.service.CustomUserDetails@5554d2c5, Credentials=[PROTECTED], Authenticated=true, Details=WebAuthenticationDetails [RemoteIpAddress=0:0:0:0:0:0:0:1, SessionId=F835CBFF1A3584D8053C4466EF0C0748], Granted Authorities=[USER, MANAGER, ADMIN]]]
2025-05-29T00:01:18.832-05:00 DEBUG 93847 --- [http-nio-8181-exec-4] o.s.s.w.a.i.FilterSecurityInterceptor    : Authorized filter invocation [GET /.well-known/appspecific/com.chrome.devtools.json] with attributes [authenticated]
2025-05-29T00:01:18.832-05:00 DEBUG 93847 --- [http-nio-8181-exec-4] o.s.security.web.FilterChainProxy        : Secured GET /.well-known/appspecific/com.chrome.devtools.json
2025-05-29T00:01:18.835-05:00 DEBUG 93847 --- [http-nio-8181-exec-4] o.s.security.web.FilterChainProxy        : Securing GET /error
2025-05-29T00:01:18.836-05:00 DEBUG 93847 --- [http-nio-8181-exec-4] w.c.HttpSessionSecurityContextRepository : Retrieved SecurityContextImpl [Authentication=UsernamePasswordAuthenticationToken [Principal=com.ticketing.service.CustomUserDetails@5554d2c5, Credentials=[PROTECTED], Authenticated=true, Details=WebAuthenticationDetails [RemoteIpAddress=0:0:0:0:0:0:0:1, SessionId=F835CBFF1A3584D8053C4466EF0C0748], Granted Authorities=[USER, MANAGER, ADMIN]]]
2025-05-29T00:01:18.836-05:00 DEBUG 93847 --- [http-nio-8181-exec-4] o.s.s.w.a.i.FilterSecurityInterceptor    : Authorized filter invocation [GET /error] with attributes [permitAll]
2025-05-29T00:01:18.837-05:00 DEBUG 93847 --- [http-nio-8181-exec-4] o.s.security.web.FilterChainProxy        : Secured GET /error
2025-05-29T00:01:20.329-05:00 DEBUG 93847 --- [http-nio-8181-exec-5] o.s.security.web.FilterChainProxy        : Securing GET /ticketingGateway/managers/202/tickets/14/edit
2025-05-29T00:01:20.331-05:00 DEBUG 93847 --- [http-nio-8181-exec-5] w.c.HttpSessionSecurityContextRepository : Retrieved SecurityContextImpl [Authentication=UsernamePasswordAuthenticationToken [Principal=com.ticketing.service.CustomUserDetails@5554d2c5, Credentials=[PROTECTED], Authenticated=true, Details=WebAuthenticationDetails [RemoteIpAddress=0:0:0:0:0:0:0:1, SessionId=F835CBFF1A3584D8053C4466EF0C0748], Granted Authorities=[USER, MANAGER, ADMIN]]]
2025-05-29T00:01:20.331-05:00 DEBUG 93847 --- [http-nio-8181-exec-5] o.s.s.w.a.i.FilterSecurityInterceptor    : Authorized filter invocation [GET /ticketingGateway/managers/202/tickets/14/edit] with attributes [hasAnyAuthority('ADMIN','MANAGER')]
2025-05-29T00:01:20.332-05:00 DEBUG 93847 --- [http-nio-8181-exec-5] o.s.security.web.FilterChainProxy        : Secured GET /ticketingGateway/managers/202/tickets/14/edit
2025-05-29T00:01:20.442-05:00 DEBUG 93847 --- [http-nio-8181-exec-6] o.s.security.web.FilterChainProxy        : Securing GET /.well-known/appspecific/com.chrome.devtools.json
2025-05-29T00:01:20.452-05:00 DEBUG 93847 --- [http-nio-8181-exec-6] w.c.HttpSessionSecurityContextRepository : Retrieved SecurityContextImpl [Authentication=UsernamePasswordAuthenticationToken [Principal=com.ticketing.service.CustomUserDetails@5554d2c5, Credentials=[PROTECTED], Authenticated=true, Details=WebAuthenticationDetails [RemoteIpAddress=0:0:0:0:0:0:0:1, SessionId=F835CBFF1A3584D8053C4466EF0C0748], Granted Authorities=[USER, MANAGER, ADMIN]]]
2025-05-29T00:01:20.456-05:00 DEBUG 93847 --- [http-nio-8181-exec-6] o.s.s.w.a.i.FilterSecurityInterceptor    : Authorized filter invocation [GET /.well-known/appspecific/com.chrome.devtools.json] with attributes [authenticated]
2025-05-29T00:01:20.458-05:00 DEBUG 93847 --- [http-nio-8181-exec-6] o.s.security.web.FilterChainProxy        : Secured GET /.well-known/appspecific/com.chrome.devtools.json
2025-05-29T00:01:20.475-05:00 DEBUG 93847 --- [http-nio-8181-exec-6] o.s.security.web.FilterChainProxy        : Securing GET /error
2025-05-29T00:01:20.476-05:00 DEBUG 93847 --- [http-nio-8181-exec-6] w.c.HttpSessionSecurityContextRepository : Retrieved SecurityContextImpl [Authentication=UsernamePasswordAuthenticationToken [Principal=com.ticketing.service.CustomUserDetails@5554d2c5, Credentials=[PROTECTED], Authenticated=true, Details=WebAuthenticationDetails [RemoteIpAddress=0:0:0:0:0:0:0:1, SessionId=F835CBFF1A3584D8053C4466EF0C0748], Granted Authorities=[USER, MANAGER, ADMIN]]]
2025-05-29T00:01:20.477-05:00 DEBUG 93847 --- [http-nio-8181-exec-6] o.s.s.w.a.i.FilterSecurityInterceptor    : Authorized filter invocation [GET /error] with attributes [permitAll]
2025-05-29T00:01:20.477-05:00 DEBUG 93847 --- [http-nio-8181-exec-6] o.s.security.web.FilterChainProxy        : Secured GET /error
2025-05-29T00:01:31.892-05:00 DEBUG 93847 --- [http-nio-8181-exec-8] o.s.security.web.FilterChainProxy        : Securing GET /ticketingGateway/users/552/tickets/63/edit
2025-05-29T00:01:31.903-05:00 DEBUG 93847 --- [http-nio-8181-exec-8] w.c.HttpSessionSecurityContextRepository : Retrieved SecurityContextImpl [Authentication=UsernamePasswordAuthenticationToken [Principal=com.ticketing.service.CustomUserDetails@5554d2c5, Credentials=[PROTECTED], Authenticated=true, Details=WebAuthenticationDetails [RemoteIpAddress=0:0:0:0:0:0:0:1, SessionId=F835CBFF1A3584D8053C4466EF0C0748], Granted Authorities=[USER, MANAGER, ADMIN]]]
2025-05-29T00:01:31.916-05:00 DEBUG 93847 --- [http-nio-8181-exec-8] o.s.s.w.a.i.FilterSecurityInterceptor    : Authorized filter invocation [GET /ticketingGateway/users/552/tickets/63/edit] with attributes [hasAnyAuthority('ADMIN','MANAGER','USER')]
2025-05-29T00:01:31.916-05:00 DEBUG 93847 --- [http-nio-8181-exec-8] o.s.security.web.FilterChainProxy        : Secured GET /ticketingGateway/users/552/tickets/63/edit
2025-05-29T00:01:31.994-05:00 DEBUG 93847 --- [http-nio-8181-exec-9] o.s.security.web.FilterChainProxy        : Securing GET /.well-known/appspecific/com.chrome.devtools.json
2025-05-29T00:01:31.998-05:00 DEBUG 93847 --- [http-nio-8181-exec-9] w.c.HttpSessionSecurityContextRepository : Retrieved SecurityContextImpl [Authentication=UsernamePasswordAuthenticationToken [Principal=com.ticketing.service.CustomUserDetails@5554d2c5, Credentials=[PROTECTED], Authenticated=true, Details=WebAuthenticationDetails [RemoteIpAddress=0:0:0:0:0:0:0:1, SessionId=F835CBFF1A3584D8053C4466EF0C0748], Granted Authorities=[USER, MANAGER, ADMIN]]]
2025-05-29T00:01:32.000-05:00 DEBUG 93847 --- [http-nio-8181-exec-9] o.s.s.w.a.i.FilterSecurityInterceptor    : Authorized filter invocation [GET /.well-known/appspecific/com.chrome.devtools.json] with attributes [authenticated]
2025-05-29T00:01:32.002-05:00 DEBUG 93847 --- [http-nio-8181-exec-9] o.s.security.web.FilterChainProxy        : Secured GET /.well-known/appspecific/com.chrome.devtools.json
2025-05-29T00:01:32.006-05:00 DEBUG 93847 --- [http-nio-8181-exec-9] o.s.security.web.FilterChainProxy        : Securing GET /error
2025-05-29T00:01:32.006-05:00 DEBUG 93847 --- [http-nio-8181-exec-9] w.c.HttpSessionSecurityContextRepository : Retrieved SecurityContextImpl [Authentication=UsernamePasswordAuthenticationToken [Principal=com.ticketing.service.CustomUserDetails@5554d2c5, Credentials=[PROTECTED], Authenticated=true, Details=WebAuthenticationDetails [RemoteIpAddress=0:0:0:0:0:0:0:1, SessionId=F835CBFF1A3584D8053C4466EF0C0748], Granted Authorities=[USER, MANAGER, ADMIN]]]
2025-05-29T00:01:32.007-05:00 DEBUG 93847 --- [http-nio-8181-exec-9] o.s.s.w.a.i.FilterSecurityInterceptor    : Authorized filter invocation [GET /error] with attributes [permitAll]
2025-05-29T00:01:32.007-05:00 DEBUG 93847 --- [http-nio-8181-exec-9] o.s.security.web.FilterChainProxy        : Secured GET /error
2025-05-29T00:01:34.625-05:00 DEBUG 93847 --- [http-nio-8181-exec-10] o.s.security.web.FilterChainProxy        : Securing GET /ticketingGateway/users/552/ticketsList
2025-05-29T00:01:34.645-05:00 DEBUG 93847 --- [http-nio-8181-exec-10] w.c.HttpSessionSecurityContextRepository : Retrieved SecurityContextImpl [Authentication=UsernamePasswordAuthenticationToken [Principal=com.ticketing.service.CustomUserDetails@5554d2c5, Credentials=[PROTECTED], Authenticated=true, Details=WebAuthenticationDetails [RemoteIpAddress=0:0:0:0:0:0:0:1, SessionId=F835CBFF1A3584D8053C4466EF0C0748], Granted Authorities=[USER, MANAGER, ADMIN]]]
2025-05-29T00:01:34.647-05:00 DEBUG 93847 --- [http-nio-8181-exec-10] o.s.s.w.a.i.FilterSecurityInterceptor    : Authorized filter invocation [GET /ticketingGateway/users/552/ticketsList] with attributes [hasAnyAuthority('ADMIN','MANAGER','USER')]
2025-05-29T00:01:34.647-05:00 DEBUG 93847 --- [http-nio-8181-exec-10] o.s.security.web.FilterChainProxy        : Secured GET /ticketingGateway/users/552/ticketsList
2025-05-29T00:01:34.672-05:00 DEBUG 93847 --- [http-nio-8181-exec-1] o.s.security.web.FilterChainProxy        : Securing GET /.well-known/appspecific/com.chrome.devtools.json
2025-05-29T00:01:34.673-05:00 DEBUG 93847 --- [http-nio-8181-exec-1] w.c.HttpSessionSecurityContextRepository : Retrieved SecurityContextImpl [Authentication=UsernamePasswordAuthenticationToken [Principal=com.ticketing.service.CustomUserDetails@5554d2c5, Credentials=[PROTECTED], Authenticated=true, Details=WebAuthenticationDetails [RemoteIpAddress=0:0:0:0:0:0:0:1, SessionId=F835CBFF1A3584D8053C4466EF0C0748], Granted Authorities=[USER, MANAGER, ADMIN]]]
2025-05-29T00:01:34.673-05:00 DEBUG 93847 --- [http-nio-8181-exec-1] o.s.s.w.a.i.FilterSecurityInterceptor    : Authorized filter invocation [GET /.well-known/appspecific/com.chrome.devtools.json] with attributes [authenticated]
2025-05-29T00:01:34.673-05:00 DEBUG 93847 --- [http-nio-8181-exec-1] o.s.security.web.FilterChainProxy        : Secured GET /.well-known/appspecific/com.chrome.devtools.json
2025-05-29T00:01:34.674-05:00 DEBUG 93847 --- [http-nio-8181-exec-1] o.s.security.web.FilterChainProxy        : Securing GET /error
2025-05-29T00:01:34.675-05:00 DEBUG 93847 --- [http-nio-8181-exec-1] w.c.HttpSessionSecurityContextRepository : Retrieved SecurityContextImpl [Authentication=UsernamePasswordAuthenticationToken [Principal=com.ticketing.service.CustomUserDetails@5554d2c5, Credentials=[PROTECTED], Authenticated=true, Details=WebAuthenticationDetails [RemoteIpAddress=0:0:0:0:0:0:0:1, SessionId=F835CBFF1A3584D8053C4466EF0C0748], Granted Authorities=[USER, MANAGER, ADMIN]]]
2025-05-29T00:01:34.675-05:00 DEBUG 93847 --- [http-nio-8181-exec-1] o.s.s.w.a.i.FilterSecurityInterceptor    : Authorized filter invocation [GET /error] with attributes [permitAll]
2025-05-29T00:01:34.675-05:00 DEBUG 93847 --- [http-nio-8181-exec-1] o.s.security.web.FilterChainProxy        : Secured GET /error
2025-05-29T00:01:43.102-05:00 DEBUG 93847 --- [http-nio-8181-exec-3] o.s.security.web.FilterChainProxy        : Securing GET /ticketingGateway/admin/users/dashboard
2025-05-29T00:01:43.110-05:00 DEBUG 93847 --- [http-nio-8181-exec-3] w.c.HttpSessionSecurityContextRepository : Retrieved SecurityContextImpl [Authentication=UsernamePasswordAuthenticationToken [Principal=com.ticketing.service.CustomUserDetails@5554d2c5, Credentials=[PROTECTED], Authenticated=true, Details=WebAuthenticationDetails [RemoteIpAddress=0:0:0:0:0:0:0:1, SessionId=F835CBFF1A3584D8053C4466EF0C0748], Granted Authorities=[USER, MANAGER, ADMIN]]]
2025-05-29T00:01:43.118-05:00 DEBUG 93847 --- [http-nio-8181-exec-3] o.s.s.w.a.i.FilterSecurityInterceptor    : Authorized filter invocation [GET /ticketingGateway/admin/users/dashboard] with attributes [hasAnyAuthority('ADMIN','MANAGER','USER')]
2025-05-29T00:01:43.119-05:00 DEBUG 93847 --- [http-nio-8181-exec-3] o.s.security.web.FilterChainProxy        : Secured GET /ticketingGateway/admin/users/dashboard
2025-05-29T00:01:44.082-05:00 DEBUG 93847 --- [http-nio-8181-exec-4] o.s.security.web.FilterChainProxy        : Securing GET /.well-known/appspecific/com.chrome.devtools.json
2025-05-29T00:01:44.084-05:00 DEBUG 93847 --- [http-nio-8181-exec-4] w.c.HttpSessionSecurityContextRepository : Retrieved SecurityContextImpl [Authentication=UsernamePasswordAuthenticationToken [Principal=com.ticketing.service.CustomUserDetails@5554d2c5, Credentials=[PROTECTED], Authenticated=true, Details=WebAuthenticationDetails [RemoteIpAddress=0:0:0:0:0:0:0:1, SessionId=F835CBFF1A3584D8053C4466EF0C0748], Granted Authorities=[USER, MANAGER, ADMIN]]]
2025-05-29T00:01:44.088-05:00 DEBUG 93847 --- [http-nio-8181-exec-4] o.s.s.w.a.i.FilterSecurityInterceptor    : Authorized filter invocation [GET /.well-known/appspecific/com.chrome.devtools.json] with attributes [authenticated]
2025-05-29T00:01:44.088-05:00 DEBUG 93847 --- [http-nio-8181-exec-4] o.s.security.web.FilterChainProxy        : Secured GET /.well-known/appspecific/com.chrome.devtools.json
2025-05-29T00:01:44.101-05:00 DEBUG 93847 --- [http-nio-8181-exec-4] o.s.security.web.FilterChainProxy        : Securing GET /error
2025-05-29T00:01:44.102-05:00 DEBUG 93847 --- [http-nio-8181-exec-4] w.c.HttpSessionSecurityContextRepository : Retrieved SecurityContextImpl [Authentication=UsernamePasswordAuthenticationToken [Principal=com.ticketing.service.CustomUserDetails@5554d2c5, Credentials=[PROTECTED], Authenticated=true, Details=WebAuthenticationDetails [RemoteIpAddress=0:0:0:0:0:0:0:1, SessionId=F835CBFF1A3584D8053C4466EF0C0748], Granted Authorities=[USER, MANAGER, ADMIN]]]
2025-05-29T00:01:44.103-05:00 DEBUG 93847 --- [http-nio-8181-exec-4] o.s.s.w.a.i.FilterSecurityInterceptor    : Authorized filter invocation [GET /error] with attributes [permitAll]
2025-05-29T00:01:44.103-05:00 DEBUG 93847 --- [http-nio-8181-exec-4] o.s.security.web.FilterChainProxy        : Secured GET /error
2025-05-29T00:01:47.374-05:00 DEBUG 93847 --- [http-nio-8181-exec-6] o.s.security.web.FilterChainProxy        : Securing GET /ticketingGateway/admin/552/ticketsList
2025-05-29T00:01:47.389-05:00 DEBUG 93847 --- [http-nio-8181-exec-6] w.c.HttpSessionSecurityContextRepository : Retrieved SecurityContextImpl [Authentication=UsernamePasswordAuthenticationToken [Principal=com.ticketing.service.CustomUserDetails@5554d2c5, Credentials=[PROTECTED], Authenticated=true, Details=WebAuthenticationDetails [RemoteIpAddress=0:0:0:0:0:0:0:1, SessionId=F835CBFF1A3584D8053C4466EF0C0748], Granted Authorities=[USER, MANAGER, ADMIN]]]
2025-05-29T00:01:47.390-05:00 DEBUG 93847 --- [http-nio-8181-exec-6] o.s.s.w.a.i.FilterSecurityInterceptor    : Authorized filter invocation [GET /ticketingGateway/admin/552/ticketsList] with attributes [hasAuthority('ADMIN')]
2025-05-29T00:01:47.390-05:00 DEBUG 93847 --- [http-nio-8181-exec-6] o.s.security.web.FilterChainProxy        : Secured GET /ticketingGateway/admin/552/ticketsList
2025-05-29T00:01:47.420-05:00 DEBUG 93847 --- [http-nio-8181-exec-7] o.s.security.web.FilterChainProxy        : Securing GET /.well-known/appspecific/com.chrome.devtools.json
2025-05-29T00:01:47.431-05:00 DEBUG 93847 --- [http-nio-8181-exec-7] w.c.HttpSessionSecurityContextRepository : Retrieved SecurityContextImpl [Authentication=UsernamePasswordAuthenticationToken [Principal=com.ticketing.service.CustomUserDetails@5554d2c5, Credentials=[PROTECTED], Authenticated=true, Details=WebAuthenticationDetails [RemoteIpAddress=0:0:0:0:0:0:0:1, SessionId=F835CBFF1A3584D8053C4466EF0C0748], Granted Authorities=[USER, MANAGER, ADMIN]]]
2025-05-29T00:01:47.431-05:00 DEBUG 93847 --- [http-nio-8181-exec-7] o.s.s.w.a.i.FilterSecurityInterceptor    : Authorized filter invocation [GET /.well-known/appspecific/com.chrome.devtools.json] with attributes [authenticated]
2025-05-29T00:01:47.432-05:00 DEBUG 93847 --- [http-nio-8181-exec-7] o.s.security.web.FilterChainProxy        : Secured GET /.well-known/appspecific/com.chrome.devtools.json
2025-05-29T00:01:47.434-05:00 DEBUG 93847 --- [http-nio-8181-exec-7] o.s.security.web.FilterChainProxy        : Securing GET /error
2025-05-29T00:01:47.435-05:00 DEBUG 93847 --- [http-nio-8181-exec-7] w.c.HttpSessionSecurityContextRepository : Retrieved SecurityContextImpl [Authentication=UsernamePasswordAuthenticationToken [Principal=com.ticketing.service.CustomUserDetails@5554d2c5, Credentials=[PROTECTED], Authenticated=true, Details=WebAuthenticationDetails [RemoteIpAddress=0:0:0:0:0:0:0:1, SessionId=F835CBFF1A3584D8053C4466EF0C0748], Granted Authorities=[USER, MANAGER, ADMIN]]]
2025-05-29T00:01:47.435-05:00 DEBUG 93847 --- [http-nio-8181-exec-7] o.s.s.w.a.i.FilterSecurityInterceptor    : Authorized filter invocation [GET /error] with attributes [permitAll]
2025-05-29T00:01:47.435-05:00 DEBUG 93847 --- [http-nio-8181-exec-7] o.s.security.web.FilterChainProxy        : Secured GET /error
2025-05-29T00:01:50.067-05:00 DEBUG 93847 --- [http-nio-8181-exec-8] o.s.security.web.FilterChainProxy        : Securing GET /ticketingGateway/admin/552/tickets/63/edit
2025-05-29T00:01:50.079-05:00 DEBUG 93847 --- [http-nio-8181-exec-8] w.c.HttpSessionSecurityContextRepository : Retrieved SecurityContextImpl [Authentication=UsernamePasswordAuthenticationToken [Principal=com.ticketing.service.CustomUserDetails@5554d2c5, Credentials=[PROTECTED], Authenticated=true, Details=WebAuthenticationDetails [RemoteIpAddress=0:0:0:0:0:0:0:1, SessionId=F835CBFF1A3584D8053C4466EF0C0748], Granted Authorities=[USER, MANAGER, ADMIN]]]
2025-05-29T00:01:50.082-05:00 DEBUG 93847 --- [http-nio-8181-exec-8] o.s.s.w.a.i.FilterSecurityInterceptor    : Authorized filter invocation [GET /ticketingGateway/admin/552/tickets/63/edit] with attributes [hasAuthority('ADMIN')]
2025-05-29T00:01:50.082-05:00 DEBUG 93847 --- [http-nio-8181-exec-8] o.s.security.web.FilterChainProxy        : Secured GET /ticketingGateway/admin/552/tickets/63/edit
2025-05-29T00:01:50.123-05:00 DEBUG 93847 --- [http-nio-8181-exec-9] o.s.security.web.FilterChainProxy        : Securing GET /.well-known/appspecific/com.chrome.devtools.json
2025-05-29T00:01:50.124-05:00 DEBUG 93847 --- [http-nio-8181-exec-9] w.c.HttpSessionSecurityContextRepository : Retrieved SecurityContextImpl [Authentication=UsernamePasswordAuthenticationToken [Principal=com.ticketing.service.CustomUserDetails@5554d2c5, Credentials=[PROTECTED], Authenticated=true, Details=WebAuthenticationDetails [RemoteIpAddress=0:0:0:0:0:0:0:1, SessionId=F835CBFF1A3584D8053C4466EF0C0748], Granted Authorities=[USER, MANAGER, ADMIN]]]
2025-05-29T00:01:50.125-05:00 DEBUG 93847 --- [http-nio-8181-exec-9] o.s.s.w.a.i.FilterSecurityInterceptor    : Authorized filter invocation [GET /.well-known/appspecific/com.chrome.devtools.json] with attributes [authenticated]
2025-05-29T00:01:50.126-05:00 DEBUG 93847 --- [http-nio-8181-exec-9] o.s.security.web.FilterChainProxy        : Secured GET /.well-known/appspecific/com.chrome.devtools.json
2025-05-29T00:01:50.128-05:00 DEBUG 93847 --- [http-nio-8181-exec-9] o.s.security.web.FilterChainProxy        : Securing GET /error
2025-05-29T00:01:50.129-05:00 DEBUG 93847 --- [http-nio-8181-exec-9] w.c.HttpSessionSecurityContextRepository : Retrieved SecurityContextImpl [Authentication=UsernamePasswordAuthenticationToken [Principal=com.ticketing.service.CustomUserDetails@5554d2c5, Credentials=[PROTECTED], Authenticated=true, Details=WebAuthenticationDetails [RemoteIpAddress=0:0:0:0:0:0:0:1, SessionId=F835CBFF1A3584D8053C4466EF0C0748], Granted Authorities=[USER, MANAGER, ADMIN]]]
2025-05-29T00:01:50.130-05:00 DEBUG 93847 --- [http-nio-8181-exec-9] o.s.s.w.a.i.FilterSecurityInterceptor    : Authorized filter invocation [GET /error] with attributes [permitAll]
2025-05-29T00:01:50.130-05:00 DEBUG 93847 --- [http-nio-8181-exec-9] o.s.security.web.FilterChainProxy        : Secured GET /error
2025-05-29T00:02:07.214-05:00 DEBUG 93847 --- [http-nio-8181-exec-1] o.s.security.web.FilterChainProxy        : Securing GET /ticketingGateway/admin/552/ticketsList
2025-05-29T00:02:07.219-05:00 DEBUG 93847 --- [http-nio-8181-exec-1] w.c.HttpSessionSecurityContextRepository : Retrieved SecurityContextImpl [Authentication=UsernamePasswordAuthenticationToken [Principal=com.ticketing.service.CustomUserDetails@5554d2c5, Credentials=[PROTECTED], Authenticated=true, Details=WebAuthenticationDetails [RemoteIpAddress=0:0:0:0:0:0:0:1, SessionId=F835CBFF1A3584D8053C4466EF0C0748], Granted Authorities=[USER, MANAGER, ADMIN]]]
2025-05-29T00:02:07.220-05:00 DEBUG 93847 --- [http-nio-8181-exec-1] o.s.s.w.a.i.FilterSecurityInterceptor    : Authorized filter invocation [GET /ticketingGateway/admin/552/ticketsList] with attributes [hasAuthority('ADMIN')]
2025-05-29T00:02:07.221-05:00 DEBUG 93847 --- [http-nio-8181-exec-1] o.s.security.web.FilterChainProxy        : Secured GET /ticketingGateway/admin/552/ticketsList
2025-05-29T00:02:07.270-05:00 DEBUG 93847 --- [http-nio-8181-exec-2] o.s.security.web.FilterChainProxy        : Securing GET /.well-known/appspecific/com.chrome.devtools.json
2025-05-29T00:02:07.282-05:00 DEBUG 93847 --- [http-nio-8181-exec-2] w.c.HttpSessionSecurityContextRepository : Retrieved SecurityContextImpl [Authentication=UsernamePasswordAuthenticationToken [Principal=com.ticketing.service.CustomUserDetails@5554d2c5, Credentials=[PROTECTED], Authenticated=true, Details=WebAuthenticationDetails [RemoteIpAddress=0:0:0:0:0:0:0:1, SessionId=F835CBFF1A3584D8053C4466EF0C0748], Granted Authorities=[USER, MANAGER, ADMIN]]]
2025-05-29T00:02:07.285-05:00 DEBUG 93847 --- [http-nio-8181-exec-2] o.s.s.w.a.i.FilterSecurityInterceptor    : Authorized filter invocation [GET /.well-known/appspecific/com.chrome.devtools.json] with attributes [authenticated]
2025-05-29T00:02:07.286-05:00 DEBUG 93847 --- [http-nio-8181-exec-2] o.s.security.web.FilterChainProxy        : Secured GET /.well-known/appspecific/com.chrome.devtools.json
2025-05-29T00:02:07.294-05:00 DEBUG 93847 --- [http-nio-8181-exec-2] o.s.security.web.FilterChainProxy        : Securing GET /error
2025-05-29T00:02:07.295-05:00 DEBUG 93847 --- [http-nio-8181-exec-2] w.c.HttpSessionSecurityContextRepository : Retrieved SecurityContextImpl [Authentication=UsernamePasswordAuthenticationToken [Principal=com.ticketing.service.CustomUserDetails@5554d2c5, Credentials=[PROTECTED], Authenticated=true, Details=WebAuthenticationDetails [RemoteIpAddress=0:0:0:0:0:0:0:1, SessionId=F835CBFF1A3584D8053C4466EF0C0748], Granted Authorities=[USER, MANAGER, ADMIN]]]
2025-05-29T00:02:07.295-05:00 DEBUG 93847 --- [http-nio-8181-exec-2] o.s.s.w.a.i.FilterSecurityInterceptor    : Authorized filter invocation [GET /error] with attributes [permitAll]
2025-05-29T00:02:07.295-05:00 DEBUG 93847 --- [http-nio-8181-exec-2] o.s.security.web.FilterChainProxy        : Secured GET /error
2025-05-29T00:02:10.948-05:00 DEBUG 93847 --- [http-nio-8181-exec-3] o.s.security.web.FilterChainProxy        : Securing POST /logout
2025-05-29T00:02:10.957-05:00 DEBUG 93847 --- [http-nio-8181-exec-3] w.c.HttpSessionSecurityContextRepository : Retrieved SecurityContextImpl [Authentication=UsernamePasswordAuthenticationToken [Principal=com.ticketing.service.CustomUserDetails@5554d2c5, Credentials=[PROTECTED], Authenticated=true, Details=WebAuthenticationDetails [RemoteIpAddress=0:0:0:0:0:0:0:1, SessionId=F835CBFF1A3584D8053C4466EF0C0748], Granted Authorities=[USER, MANAGER, ADMIN]]]
2025-05-29T00:02:10.959-05:00 DEBUG 93847 --- [http-nio-8181-exec-3] o.s.s.w.a.logout.LogoutFilter            : Logging out [UsernamePasswordAuthenticationToken [Principal=com.ticketing.service.CustomUserDetails@5554d2c5, Credentials=[PROTECTED], Authenticated=true, Details=WebAuthenticationDetails [RemoteIpAddress=0:0:0:0:0:0:0:1, SessionId=F835CBFF1A3584D8053C4466EF0C0748], Granted Authorities=[USER, MANAGER, ADMIN]]]
2025-05-29T00:02:10.971-05:00 DEBUG 93847 --- [http-nio-8181-exec-3] o.s.s.w.a.l.SecurityContextLogoutHandler : Invalidated session B6F3F9BB9CC3B9154F4E66D790B46FAE
2025-05-29T00:02:10.973-05:00 DEBUG 93847 --- [http-nio-8181-exec-3] o.s.s.web.DefaultRedirectStrategy        : Redirecting to /login
2025-05-29T00:02:10.982-05:00 DEBUG 93847 --- [http-nio-8181-exec-4] o.s.security.web.FilterChainProxy        : Securing GET /login
2025-05-29T00:02:10.985-05:00 DEBUG 93847 --- [http-nio-8181-exec-4] o.s.s.w.a.AnonymousAuthenticationFilter  : Set SecurityContextHolder to anonymous SecurityContext
2025-05-29T00:02:10.986-05:00 DEBUG 93847 --- [http-nio-8181-exec-4] o.s.s.w.a.i.FilterSecurityInterceptor    : Authorized filter invocation [GET /login] with attributes [permitAll]
2025-05-29T00:02:10.986-05:00 DEBUG 93847 --- [http-nio-8181-exec-4] o.s.security.web.FilterChainProxy        : Secured GET /login
2025-05-29T00:02:11.003-05:00 DEBUG 93847 --- [http-nio-8181-exec-5] o.s.security.web.FilterChainProxy        : Securing GET /.well-known/appspecific/com.chrome.devtools.json
2025-05-29T00:02:11.006-05:00 DEBUG 93847 --- [http-nio-8181-exec-5] o.s.s.w.a.AnonymousAuthenticationFilter  : Set SecurityContextHolder to anonymous SecurityContext
2025-05-29T00:02:11.010-05:00 DEBUG 93847 --- [http-nio-8181-exec-5] o.s.s.w.a.i.FilterSecurityInterceptor    : Failed to authorize filter invocation [GET /.well-known/appspecific/com.chrome.devtools.json] with attributes [authenticated]
2025-05-29T00:02:11.017-05:00 DEBUG 93847 --- [http-nio-8181-exec-5] o.s.s.w.s.HttpSessionRequestCache        : Saved request http://localhost:8181/.well-known/appspecific/com.chrome.devtools.json?continue to session
2025-05-29T00:02:11.017-05:00 DEBUG 93847 --- [http-nio-8181-exec-5] o.s.s.web.DefaultRedirectStrategy        : Redirecting to http://localhost:8181/login
2025-05-29T00:02:11.020-05:00 DEBUG 93847 --- [http-nio-8181-exec-6] o.s.security.web.FilterChainProxy        : Securing GET /login
2025-05-29T00:02:11.021-05:00 DEBUG 93847 --- [http-nio-8181-exec-6] o.s.s.w.a.AnonymousAuthenticationFilter  : Set SecurityContextHolder to anonymous SecurityContext
2025-05-29T00:02:11.022-05:00 DEBUG 93847 --- [http-nio-8181-exec-6] o.s.s.w.a.i.FilterSecurityInterceptor    : Authorized filter invocation [GET /login] with attributes [permitAll]
2025-05-29T00:02:11.022-05:00 DEBUG 93847 --- [http-nio-8181-exec-6] o.s.security.web.FilterChainProxy        : Secured GET /login
2025-05-29T00:03:15.981-05:00  INFO 93847 --- [SpringApplicationShutdownHook] j.LocalContainerEntityManagerFactoryBean : Closing JPA EntityManagerFactory for persistence unit 'default'
